<?xml version="1.0" encoding="UTF-8"?>
<robot generator="Robot 6.0.2 (Python 3.11.3 on win32)" generated="20230615 00:00:37.709" rpa="false" schemaversion="3">
<suite id="s1" name="Teste 1" source="C:\Users\guilh\Downloads\robot_framework\web\test\teste_1.robot">
<test id="s1-t1" name="Cenario 1 - Pesquisa do produto Xbox na Amazon" line="31">
<kw name="Abrir o navegador e maximizar a janela">
<arg>${AMAZON_URL}</arg>
<kw name="Open Browser" library="SeleniumLibrary">
<arg>${url}</arg>
<arg>${BROWSER}</arg>
<doc>Opens a new browser instance to the optional ``url``.</doc>
<msg timestamp="20230615 00:00:38.239" level="INFO">Opening browser 'chrome' to base url 'https://www.amazon.com.br/'.</msg>
<status status="PASS" starttime="20230615 00:00:38.238" endtime="20230615 00:00:42.698"/>
</kw>
<kw name="Maximize Browser Window" library="SeleniumLibrary">
<doc>Maximizes current browser window.</doc>
<status status="PASS" starttime="20230615 00:00:42.698" endtime="20230615 00:00:42.921"/>
</kw>
<status status="PASS" starttime="20230615 00:00:38.238" endtime="20230615 00:00:42.921"/>
</kw>
<kw name="Pesquisar produto na Amazon">
<arg>${PRODUCT_1}</arg>
<kw name="Wait Until Element Is Visible" library="SeleniumLibrary">
<arg>id=twotabsearchtextbox</arg>
<doc>Waits until the element ``locator`` is visible.</doc>
<status status="PASS" starttime="20230615 00:00:42.924" endtime="20230615 00:00:43.281"/>
</kw>
<kw name="Input Text" library="SeleniumLibrary">
<arg>id=twotabsearchtextbox</arg>
<arg>${product}</arg>
<doc>Types the given ``text`` into the text field identified by ``locator``.</doc>
<msg timestamp="20230615 00:00:43.282" level="INFO">Typing text 'Xbox Series X' into text field 'id=twotabsearchtextbox'.</msg>
<status status="PASS" starttime="20230615 00:00:43.282" endtime="20230615 00:00:43.634"/>
</kw>
<kw name="Click Button" library="SeleniumLibrary">
<arg>xpath=//input[@value='Ir']</arg>
<doc>Clicks the button identified by ``locator``.</doc>
<msg timestamp="20230615 00:00:43.634" level="INFO">Clicking button 'xpath=//input[@value='Ir']'.</msg>
<status status="PASS" starttime="20230615 00:00:43.634" endtime="20230615 00:00:46.441"/>
</kw>
<kw name="Wait Until Page Contains Element" library="SeleniumLibrary">
<arg>xpath=//span[@class='a-color-state a-text-bold']</arg>
<doc>Waits until the element ``locator`` appears on the current page.</doc>
<status status="PASS" starttime="20230615 00:00:46.441" endtime="20230615 00:00:46.477"/>
</kw>
<kw name="Sleep" library="BuiltIn">
<arg>10s</arg>
<doc>Pauses the test executed for the given time.</doc>
<msg timestamp="20230615 00:00:56.479" level="INFO">Slept 10 seconds</msg>
<status status="PASS" starttime="20230615 00:00:46.477" endtime="20230615 00:00:56.479"/>
</kw>
<status status="PASS" starttime="20230615 00:00:42.923" endtime="20230615 00:00:56.479"/>
</kw>
<kw name="Wait Until Page Contains Element" library="SeleniumLibrary">
<arg>xpath=//span[@class='a-price-whole']</arg>
<doc>Waits until the element ``locator`` appears on the current page.</doc>
<status status="PASS" starttime="20230615 00:00:56.480" endtime="20230615 00:00:56.516"/>
</kw>
<kw name="Tirar print da página">
<arg>amazon_${PRODUCT_1}.png</arg>
<kw name="Capture Page Screenshot" library="SeleniumLibrary">
<arg>${filename}</arg>
<doc>Takes a screenshot of the current page and embeds it into a log file.</doc>
<msg timestamp="20230615 00:00:56.853" level="INFO" html="true">&lt;/td&gt;&lt;/tr&gt;&lt;tr&gt;&lt;td colspan="3"&gt;&lt;a href="amazon_Xbox%20Series%20X.png"&gt;&lt;img src="amazon_Xbox%20Series%20X.png" width="800px"&gt;&lt;/a&gt;</msg>
<status status="PASS" starttime="20230615 00:00:56.517" endtime="20230615 00:00:56.853"/>
</kw>
<status status="PASS" starttime="20230615 00:00:56.517" endtime="20230615 00:00:56.853"/>
</kw>
<doc>Pesquisar o produto Xbox na Amazon e capturar o preço</doc>
<tag>amazon, games</tag>
<status status="PASS" starttime="20230615 00:00:38.236" endtime="20230615 00:00:56.854"/>
</test>
<test id="s1-t2" name="Cenario 2 - Pesquisa do produto PS5 na Amazon" line="39">
<kw name="Pesquisar produto na Amazon">
<arg>${PRODUCT_2}</arg>
<kw name="Wait Until Element Is Visible" library="SeleniumLibrary">
<arg>id=twotabsearchtextbox</arg>
<doc>Waits until the element ``locator`` is visible.</doc>
<status status="PASS" starttime="20230615 00:00:56.857" endtime="20230615 00:00:56.901"/>
</kw>
<kw name="Input Text" library="SeleniumLibrary">
<arg>id=twotabsearchtextbox</arg>
<arg>${product}</arg>
<doc>Types the given ``text`` into the text field identified by ``locator``.</doc>
<msg timestamp="20230615 00:00:56.902" level="INFO">Typing text 'PlayStation 5' into text field 'id=twotabsearchtextbox'.</msg>
<status status="PASS" starttime="20230615 00:00:56.901" endtime="20230615 00:00:57.183"/>
</kw>
<kw name="Click Button" library="SeleniumLibrary">
<arg>xpath=//input[@value='Ir']</arg>
<doc>Clicks the button identified by ``locator``.</doc>
<msg timestamp="20230615 00:00:57.184" level="INFO">Clicking button 'xpath=//input[@value='Ir']'.</msg>
<status status="PASS" starttime="20230615 00:00:57.183" endtime="20230615 00:00:59.371"/>
</kw>
<kw name="Wait Until Page Contains Element" library="SeleniumLibrary">
<arg>xpath=//span[@class='a-color-state a-text-bold']</arg>
<doc>Waits until the element ``locator`` appears on the current page.</doc>
<status status="PASS" starttime="20230615 00:00:59.371" endtime="20230615 00:00:59.412"/>
</kw>
<kw name="Sleep" library="BuiltIn">
<arg>10s</arg>
<doc>Pauses the test executed for the given time.</doc>
<msg timestamp="20230615 00:01:09.412" level="INFO">Slept 10 seconds</msg>
<status status="PASS" starttime="20230615 00:00:59.412" endtime="20230615 00:01:09.412"/>
</kw>
<status status="PASS" starttime="20230615 00:00:56.857" endtime="20230615 00:01:09.412"/>
</kw>
<kw name="Wait Until Page Contains Element" library="SeleniumLibrary">
<arg>xpath=//span[@class='a-price-whole']</arg>
<doc>Waits until the element ``locator`` appears on the current page.</doc>
<status status="PASS" starttime="20230615 00:01:09.414" endtime="20230615 00:01:09.452"/>
</kw>
<kw name="Tirar print da página">
<arg>amazon_${PRODUCT_2}.png</arg>
<kw name="Capture Page Screenshot" library="SeleniumLibrary">
<arg>${filename}</arg>
<doc>Takes a screenshot of the current page and embeds it into a log file.</doc>
<msg timestamp="20230615 00:01:09.810" level="INFO" html="true">&lt;/td&gt;&lt;/tr&gt;&lt;tr&gt;&lt;td colspan="3"&gt;&lt;a href="amazon_PlayStation%205.png"&gt;&lt;img src="amazon_PlayStation%205.png" width="800px"&gt;&lt;/a&gt;</msg>
<status status="PASS" starttime="20230615 00:01:09.454" endtime="20230615 00:01:09.810"/>
</kw>
<status status="PASS" starttime="20230615 00:01:09.453" endtime="20230615 00:01:09.810"/>
</kw>
<doc>Pesquisar o produto PS5 na Amazon e capturar o preço</doc>
<tag>amazon, games</tag>
<status status="PASS" starttime="20230615 00:00:56.856" endtime="20230615 00:01:09.811"/>
</test>
<doc>Teste de pesquisa de produtos de games na Amazon</doc>
<status status="PASS" starttime="20230615 00:00:37.711" endtime="20230615 00:01:09.814"/>
</suite>
<statistics>
<total>
<stat pass="2" fail="0" skip="0">All Tests</stat>
</total>
<tag>
<stat pass="2" fail="0" skip="0">amazon, games</stat>
</tag>
<suite>
<stat pass="2" fail="0" skip="0" id="s1" name="Teste 1">Teste 1</stat>
</suite>
</statistics>
<errors>
</errors>
</robot>
