<?xml version="1.0" encoding="UTF-8"?>
<robot generator="Robot 6.0.2 (Python 3.11.3 on win32)" generated="20230620 01:58:42.946" rpa="false" schemaversion="3">
<suite id="s1" name="Login Test" source="C:\Users\guilh\Downloads\robot_framework\python\project\test\login_test.robot">
<test id="s1-t1" name="Login Test" line="6">
<kw name="Open Page">
<msg timestamp="20230620 01:58:42.986" level="FAIL">No keyword with name 'Open Page' found.</msg>
<status status="FAIL" starttime="20230620 01:58:42.986" endtime="20230620 01:58:42.986"/>
</kw>
<kw name="Click Login Link">
<status status="NOT RUN" starttime="20230620 01:58:42.989" endtime="20230620 01:58:42.989"/>
</kw>
<kw name="Fill Login Form">
<arg>test@example.com</arg>
<arg>password123</arg>
<status status="NOT RUN" starttime="20230620 01:58:42.995" endtime="20230620 01:58:42.995"/>
</kw>
<kw name="Close Page">
<status status="NOT RUN" starttime="20230620 01:58:42.999" endtime="20230620 01:58:42.999"/>
</kw>
<status status="FAIL" starttime="20230620 01:58:42.985" endtime="20230620 01:58:43.000">No keyword with name 'Open Page' found.</status>
</test>
<status status="FAIL" starttime="20230620 01:58:42.947" endtime="20230620 01:58:43.000"/>
</suite>
<statistics>
<total>
<stat pass="0" fail="1" skip="0">All Tests</stat>
</total>
<tag>
</tag>
<suite>
<stat pass="0" fail="1" skip="0" id="s1" name="Login Test">Login Test</stat>
</suite>
</statistics>
<errors>
<msg timestamp="20230620 01:58:42.981" level="ERROR">Error in file 'C:\Users\guilh\Downloads\robot_framework\python\project\test\login_test.robot' on line 2: Resource file '..\resources\pages\home_page.robot' does not exist.</msg>
<msg timestamp="20230620 01:58:42.983" level="ERROR">Error in file 'C:\Users\guilh\Downloads\robot_framework\python\project\test\login_test.robot' on line 3: Resource file '..\resources\pages\login_page.robot' does not exist.</msg>
</errors>
</robot>
